2015-03-30T12:02:15-04:00 -- Code: 101:STATUS: Email successfully sent to: ack444@wildcats.unh.edu with message: This is a test email from ScheduleIt
2015-03-30T12:02:39-04:00 -- Code: 101:STATUS: Email successfully sent to: ack444@wildcats.unh.edu with message: This is a test email from ScheduleIt
2015-03-30T12:10:43-04:00 -- Code: 101:STATUS: Email successfully sent to: ack444@wildcats.unh.edu with message: This is a test email from ScheduleIt
2015-03-30T12:11:07-04:00 -- Code: 101:STATUS: Email successfully sent to: ack444@wildcats.unh.edu with message: This is a test email from ScheduleIt
2015-03-30T12:12:11-04:00 -- Code: 101:STATUS: Email successfully sent to: ack444@wildcats.unh.edu with message: This is a test email from ScheduleIt
2015-03-30T12:14:10-04:00 -- Code: 101:STATUS: Email successfully sent to: ack444@wildcats.unh.edu with message: This is a test email from ScheduleIt
2015-03-30T12:15:26-04:00 -- Code: 101:STATUS: Email successfully sent to: ack444@wildcats.unh.edu with message: This is a test email from ScheduleIt
2015-03-30T12:17:50-04:00 -- Code: 101:STATUS: Email successfully sent to: ack444@wildcats.unh.edu with message: This is a test email from ScheduleIt
2015-03-30T12:18:36-04:00 -- Code: 101:STATUS: Email successfully sent to: ack444@wildcats.unh.edu with message: This is a test email from ScheduleIt
2015-03-30T12:19:46-04:00 -- Code: 101:STATUS: Email successfully sent to: ack444@wildcats.unh.edu with message: This is a test email from ScheduleIt
2015-03-30T12:22:11-04:00 -- Code: 101:STATUS: Email successfully sent to: mm666@wildcats.unh.edu with message: This is a test email from ScheduleIt
2015-03-30T12:24:57-04:00 -- Code: 101:STATUS: Email successfully sent to: mm666@wildcats.unh.edu with message: This is a test email from ScheduleIt
2015-03-30T12:27:10-04:00 -- Code: 101:STATUS: Email successfully sent to: mm66@wildcats.unh.edu with message: This is a test email from ScheduleIt
2015-03-30T12:28:08-04:00 -- Code: 101:STATUS: Email successfully sent to: ack444@wildcats.unh.edu with message: This is a test email from ScheduleIt
2015-03-30T12:29:20-04:00 -- Code: 101:STATUS: Email successfully sent to: ack444@wildcats.unh.edu with message: This is a test email from ScheduleIt
2015-03-30T12:30:01-04:00 -- Code: 101:STATUS: Email successfully sent to: ack444@wildcats.unh.edu with message: This is a test email from ScheduleIt
2015-03-30T12:31:02-04:00 -- Code: 101:STATUS: Email successfully sent to: ack444@wildcats.unh.edu with message: This is a test email from ScheduleIt
2015-03-30T12:35:28-04:00 -- Code: 101:STATUS: Email successfully sent to: ack444@wildcats.unh.edu with message: This is a test email from ScheduleIt
2015-03-30T12:40:06-04:00 -- Code: 101:STATUS: Email successfully sent to: mm66@wildcats.unh.edu with message: This is a test email from ScheduleIt
2015-03-30T12:42:34-04:00 -- Code: 101:STATUS: Email successfully sent to: mm66@wildcats.unh.edu with message: This is a test email from ScheduleIt
2015-03-30T12:44:28-04:00 -- Code: 101:STATUS: Email successfully sent to: mm66@wildcats.unh.edu with message: This is a test email from ScheduleIt
2015-03-30T12:50:21-04:00 -- Code: 101:STATUS: Email successfully sent to: ack444@wildcats.unh.edu with message: This is a test email from ScheduleIt
2015-03-30T12:58:52-04:00 -- Code: 101:STATUS: Email successfully sent to: ack444@wildcats.unh.edu with message: This is a test email from ScheduleIt
2015-03-30T12:59:39-04:00 -- Code: 101:STATUS: Email successfully sent to: ack444@wildcats.unh.edu with message: This is a test email from ScheduleIt
2015-03-30T13:00:37-04:00 -- Code: 101:STATUS: Email successfully sent to: ack444@wildcats.unh.edu with message: This is a test email from ScheduleIt
2015-03-30T13:08:59-04:00 -- Code: 101:STATUS: Email successfully sent to: ack444@wildcats.unh.edu with message: This is a test email from ScheduleIt
2015-03-30T13:09:20-04:00 -- Code: 101:Google Event Already Deleted - Google_Event_Manager::insert_segment()
2015-03-30T13:09:20-04:00 -- Code: 101:STATUS: Email successfully sent to: ack444@wildcats.unh.edu with message: This is a test email from ScheduleIt
2015-03-30T14:27:06-04:00 -- Code: 101:STATUS: Email successfully sent to: ack444@wildcats.unh.edu with message: This is a test email from ScheduleIt
2015-03-30T14:27:34-04:00 -- Code: 101:STATUS: Email successfully sent to: ack444@wildcats.unh.edu with message: This is a test email from ScheduleIt
2015-03-30T15:04:47-04:00 -- Code: 101:STATUS: Email successfully sent to: ack444@wildcats.unh.edu with message: This is a test email from ScheduleIt
2015-03-30T15:14:51-04:00 -- Code: 101:STATUS: Email successfully sent to: ack444@wildcats.unh.edu with message: This is a test email from ScheduleIt
2015-03-30T15:19:57-04:00 -- Code: 101:STATUS: Email successfully sent to: ack444@wildcats.unh.edu with message: This is a test email from ScheduleIt
2015-03-30T15:26:48-04:00 -- Code: 101:STATUS: Email successfully sent to: ack444@wildcats.unh.edu with message: This is a test email from ScheduleIt
2015-03-30T15:28:15-04:00 -- Code: 101:STATUS: Email successfully sent to: ack444@wildcats.unh.edu with message: This is a test email from ScheduleIt
2015-03-30T15:28:51-04:00 -- Code: 101:STATUS: Email successfully sent to: ack444@wildcats.unh.edu with message: This is a test email from ScheduleIt
2015-03-30T15:37:58-04:00 -- Code: 101:STATUS: Email successfully sent to: ack444@wildcats.unh.edu with message: This is a test email from ScheduleIt
2015-03-30T15:40:21-04:00 -- Code: 101:STATUS: Email successfully sent to: ack444@wildcats.unh.edu with message: This is a test email from ScheduleIt
2015-03-30T15:41:43-04:00 -- Code: 101:STATUS: Email successfully sent to: ack444@wildcats.unh.edu with message: This is a test email from ScheduleIt
2015-03-30T21:08:30-04:00 -- Code: 101:[{"anyoneCanAddSelf":null,"attendeesOmitted":null,"colorId":null,"created":"2015-03-30T19:41:37.000Z","description":null,"endTimeUnspecified":null,"etag":"\"2855489015380000\"","guestsCanInviteOthers":null,"guestsCanModify":null,"guestsCanSeeOtherGuests":null,"hangoutLink":null,"htmlLink":"https:\/\/www.google.com\/calendar\/event?eid=NmtwaTdyZzY5MnBidGpwcXJqYnQwMTZ2Y28gZDYydThqMmlrM2RobHU1c2x1NGhrYTNkZmtAZw","iCalUID":"6kpi7rg692pbtjpqrjbt016vco@google.com","id":"6kpi7rg692pbtjpqrjbt016vco","kind":"calendar#event","location":"My Office","locked":null,"privateCopy":null,"recurrence":null,"recurringEventId":null,"sequence":1,"status":"confirmed","summary":"Open Time","transparency":null,"updated":"2015-03-30T19:41:47.690Z","visibility":null},{"anyoneCanAddSelf":null,"attendeesOmitted":null,"colorId":null,"created":"2015-03-30T20:02:26.000Z","description":null,"endTimeUnspecified":null,"etag":"\"2855491493474000\"","guestsCanInviteOthers":null,"guestsCanModify":null,"guestsCanSeeOtherGuests":null,"hangoutLink":null,"htmlLink":"https:\/\/www.google.com\/calendar\/event?eid=MjFrYjI4amtucjFkbmNzM2g5azBwYzRibjggZDYydThqMmlrM2RobHU1c2x1NGhrYTNkZmtAZw","iCalUID":"21kb28jknr1dncs3h9k0pc4bn8@google.com","id":"21kb28jknr1dncs3h9k0pc4bn8","kind":"calendar#event","location":null,"locked":null,"privateCopy":null,"recurrence":null,"recurringEventId":null,"sequence":0,"status":"confirmed","summary":"Open Times","transparency":null,"updated":"2015-03-30T20:02:26.737Z","visibility":null}]
2015-03-30T21:08:30-04:00 -- Code: 101:[{"anyoneCanAddSelf":null,"attendeesOmitted":null,"colorId":null,"created":"2015-03-30T19:41:37.000Z","description":null,"endTimeUnspecified":null,"etag":"\"2855489015380000\"","guestsCanInviteOthers":null,"guestsCanModify":null,"guestsCanSeeOtherGuests":null,"hangoutLink":null,"htmlLink":"https:\/\/www.google.com\/calendar\/event?eid=NmtwaTdyZzY5MnBidGpwcXJqYnQwMTZ2Y28gZDYydThqMmlrM2RobHU1c2x1NGhrYTNkZmtAZw","iCalUID":"6kpi7rg692pbtjpqrjbt016vco@google.com","id":"6kpi7rg692pbtjpqrjbt016vco","kind":"calendar#event","location":"My Office","locked":null,"privateCopy":null,"recurrence":null,"recurringEventId":null,"sequence":1,"status":"confirmed","summary":"Open Time","transparency":null,"updated":"2015-03-30T19:41:47.690Z","visibility":null},{"anyoneCanAddSelf":null,"attendeesOmitted":null,"colorId":null,"created":"2015-03-30T20:02:26.000Z","description":null,"endTimeUnspecified":null,"etag":"\"2855491493474000\"","guestsCanInviteOthers":null,"guestsCanModify":null,"guestsCanSeeOtherGuests":null,"hangoutLink":null,"htmlLink":"https:\/\/www.google.com\/calendar\/event?eid=MjFrYjI4amtucjFkbmNzM2g5azBwYzRibjggZDYydThqMmlrM2RobHU1c2x1NGhrYTNkZmtAZw","iCalUID":"21kb28jknr1dncs3h9k0pc4bn8@google.com","id":"21kb28jknr1dncs3h9k0pc4bn8","kind":"calendar#event","location":null,"locked":null,"privateCopy":null,"recurrence":null,"recurringEventId":null,"sequence":0,"status":"confirmed","summary":"Open Times","transparency":null,"updated":"2015-03-30T20:02:26.737Z","visibility":null}]
2015-03-30T21:08:31-04:00 -- Code: 101:[{"anyoneCanAddSelf":null,"attendeesOmitted":null,"colorId":null,"created":"2015-03-30T19:41:37.000Z","description":null,"endTimeUnspecified":null,"etag":"\"2855489015380000\"","guestsCanInviteOthers":null,"guestsCanModify":null,"guestsCanSeeOtherGuests":null,"hangoutLink":null,"htmlLink":"https:\/\/www.google.com\/calendar\/event?eid=NmtwaTdyZzY5MnBidGpwcXJqYnQwMTZ2Y28gZDYydThqMmlrM2RobHU1c2x1NGhrYTNkZmtAZw","iCalUID":"6kpi7rg692pbtjpqrjbt016vco@google.com","id":"6kpi7rg692pbtjpqrjbt016vco","kind":"calendar#event","location":"My Office","locked":null,"privateCopy":null,"recurrence":null,"recurringEventId":null,"sequence":1,"status":"confirmed","summary":"Open Time","transparency":null,"updated":"2015-03-30T19:41:47.690Z","visibility":null},{"anyoneCanAddSelf":null,"attendeesOmitted":null,"colorId":null,"created":"2015-03-30T20:02:26.000Z","description":null,"endTimeUnspecified":null,"etag":"\"2855491493474000\"","guestsCanInviteOthers":null,"guestsCanModify":null,"guestsCanSeeOtherGuests":null,"hangoutLink":null,"htmlLink":"https:\/\/www.google.com\/calendar\/event?eid=MjFrYjI4amtucjFkbmNzM2g5azBwYzRibjggZDYydThqMmlrM2RobHU1c2x1NGhrYTNkZmtAZw","iCalUID":"21kb28jknr1dncs3h9k0pc4bn8@google.com","id":"21kb28jknr1dncs3h9k0pc4bn8","kind":"calendar#event","location":null,"locked":null,"privateCopy":null,"recurrence":null,"recurringEventId":null,"sequence":0,"status":"confirmed","summary":"Open Times","transparency":null,"updated":"2015-03-30T20:02:26.737Z","visibility":null}]
2015-03-30T21:08:31-04:00 -- Code: 101:[{"anyoneCanAddSelf":null,"attendeesOmitted":null,"colorId":null,"created":"2015-03-30T19:41:37.000Z","description":null,"endTimeUnspecified":null,"etag":"\"2855489015380000\"","guestsCanInviteOthers":null,"guestsCanModify":null,"guestsCanSeeOtherGuests":null,"hangoutLink":null,"htmlLink":"https:\/\/www.google.com\/calendar\/event?eid=NmtwaTdyZzY5MnBidGpwcXJqYnQwMTZ2Y28gZDYydThqMmlrM2RobHU1c2x1NGhrYTNkZmtAZw","iCalUID":"6kpi7rg692pbtjpqrjbt016vco@google.com","id":"6kpi7rg692pbtjpqrjbt016vco","kind":"calendar#event","location":"My Office","locked":null,"privateCopy":null,"recurrence":null,"recurringEventId":null,"sequence":1,"status":"confirmed","summary":"Open Time","transparency":null,"updated":"2015-03-30T19:41:47.690Z","visibility":null},{"anyoneCanAddSelf":null,"attendeesOmitted":null,"colorId":null,"created":"2015-03-30T20:02:26.000Z","description":null,"endTimeUnspecified":null,"etag":"\"2855491493474000\"","guestsCanInviteOthers":null,"guestsCanModify":null,"guestsCanSeeOtherGuests":null,"hangoutLink":null,"htmlLink":"https:\/\/www.google.com\/calendar\/event?eid=MjFrYjI4amtucjFkbmNzM2g5azBwYzRibjggZDYydThqMmlrM2RobHU1c2x1NGhrYTNkZmtAZw","iCalUID":"21kb28jknr1dncs3h9k0pc4bn8@google.com","id":"21kb28jknr1dncs3h9k0pc4bn8","kind":"calendar#event","location":null,"locked":null,"privateCopy":null,"recurrence":null,"recurringEventId":null,"sequence":0,"status":"confirmed","summary":"Open Times","transparency":null,"updated":"2015-03-30T20:02:26.737Z","visibility":null}]
2015-03-30T21:12:34-04:00 -- Code: 101:null
2015-03-30T21:12:34-04:00 -- Code: 101:
2015-03-30T21:12:34-04:00 -- Code: 101:null
2015-03-30T21:12:34-04:00 -- Code: 101:
2015-03-30T21:15:04-04:00 -- Code: 101:null
2015-03-30T21:15:04-04:00 -- Code: 101:
2015-03-30T21:15:05-04:00 -- Code: 101:null
2015-03-30T21:15:05-04:00 -- Code: 101:
2015-03-30T21:18:54-04:00 -- Code: 101:{"accessRole":"owner","description":"","etag":"\"1427745746931000\"","kind":"calendar#events","nextPageToken":null,"nextSyncToken":null,"summary":"Advising Two","timeZone":"America\/New_York","updated":"2015-03-30T20:02:26.931Z"}
2015-03-30T21:18:55-04:00 -- Code: 101:{"accessRole":"owner","description":"","etag":"\"1427745746931000\"","kind":"calendar#events","nextPageToken":null,"nextSyncToken":null,"summary":"Advising Two","timeZone":"America\/New_York","updated":"2015-03-30T20:02:26.931Z"}
2015-03-30T21:18:55-04:00 -- Code: 101:{"accessRole":"owner","description":"","etag":"\"1427745746931000\"","kind":"calendar#events","nextPageToken":null,"nextSyncToken":null,"summary":"Advising Two","timeZone":"America\/New_York","updated":"2015-03-30T20:02:26.931Z"}
2015-03-30T21:18:55-04:00 -- Code: 101:{"accessRole":"owner","description":"","etag":"\"1427745746931000\"","kind":"calendar#events","nextPageToken":null,"nextSyncToken":null,"summary":"Advising Two","timeZone":"America\/New_York","updated":"2015-03-30T20:02:26.931Z"}
